e:\study_project\study_project\remotectrl\remotectrl\debug\remotectrl.pch
e:\study_project\study_project\remotectrl\remotectrl\debug\vc143.pdb
e:\study_project\study_project\remotectrl\remotectrl\debug\vc143.idb
e:\study_project\study_project\remotectrl\remotectrl\debug\pch.obj
e:\study_project\study_project\remotectrl\remotectrl\debug\serversocket.obj
e:\study_project\study_project\remotectrl\remotectrl\debug\remotectrl.obj
e:\study_project\study_project\remotectrl\remotectrl\debug\lockinfodialog.obj
e:\study_project\study_project\remotectrl\remotectrl\debug\remotectrl.ilk
e:\study_project\study_project\remotectrl\debug\remotectrl.exe
e:\study_project\study_project\remotectrl\debug\remotectrl.pdb
e:\study_project\study_project\remotectrl\remotectrl\debug\remotectrl.res
e:\study_project\study_project\remotectrl\remotectrl\debug\remotectrl.tlog\cl.command.1.tlog
e:\study_project\study_project\remotectrl\remotectrl\debug\remotectrl.tlog\cl.read.1.tlog
e:\study_project\study_project\remotectrl\remotectrl\debug\remotectrl.tlog\cl.write.1.tlog
e:\study_project\study_project\remotectrl\remotectrl\debug\remotectrl.tlog\link.6648.read.1.tlog
e:\study_project\study_project\remotectrl\remotectrl\debug\remotectrl.tlog\link.6648.write.1.tlog
e:\study_project\study_project\remotectrl\remotectrl\debug\remotectrl.tlog\link.command.1.tlog
e:\study_project\study_project\remotectrl\remotectrl\debug\remotectrl.tlog\link.read.1.tlog
e:\study_project\study_project\remotectrl\remotectrl\debug\remotectrl.tlog\link.write.1.tlog
e:\study_project\study_project\remotectrl\remotectrl\debug\remotectrl.tlog\rc.command.1.tlog
e:\study_project\study_project\remotectrl\remotectrl\debug\remotectrl.tlog\rc.read.1.tlog
e:\study_project\study_project\remotectrl\remotectrl\debug\remotectrl.tlog\rc.write.1.tlog
